<?xml version="1.0" encoding="UTF-8"?>
<testng-results ignored="0" total="1" passed="1" failed="0" skipped="0">
  <reporter-output>
  </reporter-output>
  <suite started-at="2022-11-29T16:48:50Z" name="Default suite" finished-at="2022-11-29T16:49:38Z" duration-ms="48326">
    <groups>
    </groups>
    <test started-at="2022-11-29T16:48:50Z" name="Default test" finished-at="2022-11-29T16:49:38Z" duration-ms="48326">
      <class name="Log4j_Demo_.sanity_test">
        <test-method is-config="true" signature="test1()[pri:0, instance:Log4j_Demo_.sanity_test@1b765a2c]" started-at="2022-11-29T22:18:50Z" name="test1" finished-at="2022-11-29T22:19:00Z" duration-ms="9378" status="PASS">
          <reporter-output>
          </reporter-output>
        </test-method> <!-- test1 -->
        <test-method signature="TC01()[pri:0, instance:Log4j_Demo_.sanity_test@1b765a2c]" started-at="2022-11-29T22:19:00Z" name="TC01" finished-at="2022-11-29T22:19:38Z" duration-ms="38886" status="PASS">
          <reporter-output>
          </reporter-output>
        </test-method> <!-- TC01 -->
      </class> <!-- Log4j_Demo_.sanity_test -->
    </test> <!-- Default test -->
  </suite> <!-- Default suite -->
</testng-results>
